<?xml version="1.0" encoding="UTF-8"?>
<testsuite name="CumulativePoetryTest" tests="3" skipped="0" failures="0" errors="0" timestamp="2019-08-07T14:15:28" hostname="IN-sushangagneja.local" time="0.001">
  <properties/>
  <testcase name="testRevealDay1" classname="CumulativePoetryTest" time="0.001"/>
  <testcase name="testRevealDay2" classname="CumulativePoetryTest" time="0.0"/>
  <testcase name="testRecite" classname="CumulativePoetryTest" time="0.0"/>
  <system-out><![CDATA[]]></system-out>
  <system-err><![CDATA[]]></system-err>
</testsuite>
